c:\users\31563\documents\vs2026\文本编辑器\文本编辑器\x64\debug\moc_findreplacecontroller.obj
c:\users\31563\documents\vs2026\文本编辑器\文本编辑器\x64\debug\moc_filemanager.obj
c:\users\31563\documents\vs2026\文本编辑器\文本编辑器\x64\debug\moc_fonttextmenu.obj
c:\users\31563\documents\vs2026\文本编辑器\文本编辑器\x64\debug\moc_qtwidgetsapplication.obj
c:\users\31563\documents\vs2026\文本编辑器\文本编辑器\x64\debug\findreplacecontroller.obj
c:\users\31563\documents\vs2026\文本编辑器\文本编辑器\x64\debug\main.obj
c:\users\31563\documents\vs2026\文本编辑器\文本编辑器\x64\debug\stringprocessor.obj
c:\users\31563\documents\vs2026\文本编辑器\文本编辑器\x64\debug\kmpmatcher.obj
c:\users\31563\documents\vs2026\文本编辑器\文本编辑器\x64\debug\fonttextmenu.obj
c:\users\31563\documents\vs2026\文本编辑器\文本编辑器\x64\debug\qtwidgetsapplication.obj
c:\users\31563\documents\vs2026\文本编辑器\文本编辑器\x64\debug\filiemanager.obj
c:\users\31563\documents\vs2026\文本编辑器\文本编辑器\x64\debug\vc143.pdb
c:\users\31563\documents\vs2026\文本编辑器\文本编辑器\x64\debug\qrc_darkstyle.obj
c:\users\31563\documents\vs2026\文本编辑器\文本编辑器\x64\debug\qrc_qtwidgetsapplication.obj
c:\users\31563\documents\vs2026\文本编辑器\x64\debug\文本编辑器.exe
c:\users\31563\documents\vs2026\文本编辑器\x64\debug\文本编辑器.pdb
c:\users\31563\documents\vs2026\文本编辑器\文本编辑器\x64\debug\qt\moc\moc_qtwidgetsapplication.cpp
c:\users\31563\documents\vs2026\文本编辑器\文本编辑器\x64\debug\qt\moc\moc_findreplacecontroller.cpp
c:\users\31563\documents\vs2026\文本编辑器\文本编辑器\x64\debug\qt\moc\moc_fonttextmenu.cpp
c:\users\31563\documents\vs2026\文本编辑器\文本编辑器\x64\debug\qt\moc\moc_filemanager.cpp
c:\users\31563\documents\vs2026\文本编辑器\文本编辑器\x64\debug\qt\rcc\qrc_qtwidgetsapplication.cpp
c:\users\31563\documents\vs2026\文本编辑器\文本编辑器\x64\debug\qt\rcc\qrc_darkstyle.cpp
c:\users\31563\documents\vs2026\文本编辑器\文本编辑器\x64\debug\qt\uic\ui_qtwidgetsapplication.h
c:\users\31563\documents\vs2026\文本编辑器\文本编辑器\x64\debug\文本编辑器.ilk
c:\users\31563\documents\vs2026\文本编辑器\文本编辑器\x64\debug\vc143.idb
c:\users\31563\documents\vs2026\文本编辑器\文本编辑器\x64\debug\文本编辑器.tlog\cl.command.1.tlog
c:\users\31563\documents\vs2026\文本编辑器\文本编辑器\x64\debug\文本编辑器.tlog\cl.items.tlog
c:\users\31563\documents\vs2026\文本编辑器\文本编辑器\x64\debug\文本编辑器.tlog\cl.read.1.tlog
c:\users\31563\documents\vs2026\文本编辑器\文本编辑器\x64\debug\文本编辑器.tlog\cl.write.1.tlog
c:\users\31563\documents\vs2026\文本编辑器\文本编辑器\x64\debug\文本编辑器.tlog\link.command.1.tlog
c:\users\31563\documents\vs2026\文本编辑器\文本编辑器\x64\debug\文本编辑器.tlog\link.read.1.tlog
c:\users\31563\documents\vs2026\文本编辑器\文本编辑器\x64\debug\文本编辑器.tlog\link.secondary.1.tlog
c:\users\31563\documents\vs2026\文本编辑器\文本编辑器\x64\debug\文本编辑器.tlog\link.write.1.tlog
c:\users\31563\documents\vs2026\文本编辑器\文本编辑器\x64\debug\文本编辑器.tlog\moc.read.1u.tlog
c:\users\31563\documents\vs2026\文本编辑器\文本编辑器\x64\debug\文本编辑器.tlog\moc.write.1u.tlog
c:\users\31563\documents\vs2026\文本编辑器\文本编辑器\x64\debug\文本编辑器.tlog\rcc.read.1u.tlog
c:\users\31563\documents\vs2026\文本编辑器\文本编辑器\x64\debug\文本编辑器.tlog\rcc.write.1u.tlog
c:\users\31563\documents\vs2026\文本编辑器\文本编辑器\x64\debug\文本编辑器.tlog\uic.read.1u.tlog
c:\users\31563\documents\vs2026\文本编辑器\文本编辑器\x64\debug\文本编辑器.tlog\uic.write.1u.tlog
c:\users\31563\documents\vs2026\文本编辑器\文本编辑器\x64\debug\文本编辑器.tlog\文本编辑器.write.1u.tlog
