   Qt/MSBuild: 3.4.1.0
   Qt: 6.10.1
  QtWidgetsApplication.cpp
C:\Users\31563\Documents\vs2026\文本编辑器\文本编辑器\FindReplaceController.h(1,1): warning C4828: 文件包含在偏移 0x15f 处开始的字符，该字符在当前源字符集中无效(代码页 65001)。
  (编译源文件“QtWidgetsApplication.cpp”)
  
C:\Users\31563\Documents\vs2026\文本编辑器\文本编辑器\FindReplaceController.h(1,1): warning C4828: 文件包含在偏移 0x160 处开始的字符，该字符在当前源字符集中无效(代码页 65001)。
  (编译源文件“QtWidgetsApplication.cpp”)
  
C:\Users\31563\Documents\vs2026\文本编辑器\文本编辑器\FindReplaceController.h(1,1): warning C4828: 文件包含在偏移 0x161 处开始的字符，该字符在当前源字符集中无效(代码页 65001)。
  (编译源文件“QtWidgetsApplication.cpp”)
  
C:\Users\31563\Documents\vs2026\文本编辑器\文本编辑器\FindReplaceController.h(1,1): warning C4828: 文件包含在偏移 0x162 处开始的字符，该字符在当前源字符集中无效(代码页 65001)。
  (编译源文件“QtWidgetsApplication.cpp”)
  
C:\Users\31563\Documents\vs2026\文本编辑器\文本编辑器\FindReplaceController.h(1,1): warning C4828: 文件包含在偏移 0x16a 处开始的字符，该字符在当前源字符集中无效(代码页 65001)。
  (编译源文件“QtWidgetsApplication.cpp”)
  
C:\Users\31563\Documents\vs2026\文本编辑器\文本编辑器\FindReplaceController.h(1,1): warning C4828: 文件包含在偏移 0x16b 处开始的字符，该字符在当前源字符集中无效(代码页 65001)。
  (编译源文件“QtWidgetsApplication.cpp”)
  
C:\Users\31563\Documents\vs2026\文本编辑器\文本编辑器\FindReplaceController.h(1,1): warning C4828: 文件包含在偏移 0x16c 处开始的字符，该字符在当前源字符集中无效(代码页 65001)。
  (编译源文件“QtWidgetsApplication.cpp”)
  
C:\Users\31563\Documents\vs2026\文本编辑器\文本编辑器\FindReplaceController.h(1,1): warning C4828: 文件包含在偏移 0x16d 处开始的字符，该字符在当前源字符集中无效(代码页 65001)。
  (编译源文件“QtWidgetsApplication.cpp”)
  
C:\Users\31563\Documents\vs2026\文本编辑器\文本编辑器\FindReplaceController.h(1,1): warning C4828: 文件包含在偏移 0x16e 处开始的字符，该字符在当前源字符集中无效(代码页 65001)。
  (编译源文件“QtWidgetsApplication.cpp”)
  
C:\Users\31563\Documents\vs2026\文本编辑器\文本编辑器\FindReplaceController.h(1,1): warning C4828: 文件包含在偏移 0x171 处开始的字符，该字符在当前源字符集中无效(代码页 65001)。
  (编译源文件“QtWidgetsApplication.cpp”)
  
C:\Users\31563\Documents\vs2026\文本编辑器\文本编辑器\FindReplaceController.h(1,1): warning C4828: 文件包含在偏移 0x172 处开始的字符，该字符在当前源字符集中无效(代码页 65001)。
  (编译源文件“QtWidgetsApplication.cpp”)
  
C:\Users\31563\Documents\vs2026\文本编辑器\文本编辑器\FindReplaceController.h(1,1): warning C4828: 文件包含在偏移 0x174 处开始的字符，该字符在当前源字符集中无效(代码页 65001)。
  (编译源文件“QtWidgetsApplication.cpp”)
  
C:\Users\31563\Documents\vs2026\文本编辑器\文本编辑器\FindReplaceController.h(1,1): warning C4828: 文件包含在偏移 0x175 处开始的字符，该字符在当前源字符集中无效(代码页 65001)。
  (编译源文件“QtWidgetsApplication.cpp”)
  
C:\Users\31563\Documents\vs2026\文本编辑器\文本编辑器\FindReplaceController.h(1,1): warning C4828: 文件包含在偏移 0x176 处开始的字符，该字符在当前源字符集中无效(代码页 65001)。
  (编译源文件“QtWidgetsApplication.cpp”)
  
C:\Users\31563\Documents\vs2026\文本编辑器\文本编辑器\FindReplaceController.h(1,1): warning C4828: 文件包含在偏移 0x17a 处开始的字符，该字符在当前源字符集中无效(代码页 65001)。
  (编译源文件“QtWidgetsApplication.cpp”)
  
C:\Users\31563\Documents\vs2026\文本编辑器\文本编辑器\FindReplaceController.h(1,1): warning C4828: 文件包含在偏移 0x19c 处开始的字符，该字符在当前源字符集中无效(代码页 65001)。
  (编译源文件“QtWidgetsApplication.cpp”)
  
C:\Users\31563\Documents\vs2026\文本编辑器\文本编辑器\FindReplaceController.h(1,1): warning C4828: 文件包含在偏移 0x19d 处开始的字符，该字符在当前源字符集中无效(代码页 65001)。
  (编译源文件“QtWidgetsApplication.cpp”)
  
C:\Users\31563\Documents\vs2026\文本编辑器\文本编辑器\FindReplaceController.h(1,1): warning C4828: 文件包含在偏移 0x19e 处开始的字符，该字符在当前源字符集中无效(代码页 65001)。
  (编译源文件“QtWidgetsApplication.cpp”)
  
C:\Users\31563\Documents\vs2026\文本编辑器\文本编辑器\FindReplaceController.h(1,1): warning C4828: 文件包含在偏移 0x19f 处开始的字符，该字符在当前源字符集中无效(代码页 65001)。
  (编译源文件“QtWidgetsApplication.cpp”)
  
C:\Users\31563\Documents\vs2026\文本编辑器\文本编辑器\FindReplaceController.h(1,1): warning C4828: 文件包含在偏移 0x1a3 处开始的字符，该字符在当前源字符集中无效(代码页 65001)。
  (编译源文件“QtWidgetsApplication.cpp”)
  
C:\Users\31563\Documents\vs2026\文本编辑器\文本编辑器\FindReplaceController.h(1,1): warning C4828: 文件包含在偏移 0x1a4 处开始的字符，该字符在当前源字符集中无效(代码页 65001)。
  (编译源文件“QtWidgetsApplication.cpp”)
  
C:\Users\31563\Documents\vs2026\文本编辑器\文本编辑器\FindReplaceController.h(1,1): warning C4828: 文件包含在偏移 0x1a7 处开始的字符，该字符在当前源字符集中无效(代码页 65001)。
  (编译源文件“QtWidgetsApplication.cpp”)
  
C:\Users\31563\Documents\vs2026\文本编辑器\文本编辑器\FindReplaceController.h(1,1): warning C4828: 文件包含在偏移 0x1a8 处开始的字符，该字符在当前源字符集中无效(代码页 65001)。
  (编译源文件“QtWidgetsApplication.cpp”)
  
C:\Users\31563\Documents\vs2026\文本编辑器\文本编辑器\FindReplaceController.h(1,1): warning C4828: 文件包含在偏移 0x1a9 处开始的字符，该字符在当前源字符集中无效(代码页 65001)。
  (编译源文件“QtWidgetsApplication.cpp”)
  
C:\Users\31563\Documents\vs2026\文本编辑器\文本编辑器\FindReplaceController.h(1,1): warning C4828: 文件包含在偏移 0x1aa 处开始的字符，该字符在当前源字符集中无效(代码页 65001)。
  (编译源文件“QtWidgetsApplication.cpp”)
  
C:\Users\31563\Documents\vs2026\文本编辑器\文本编辑器\FindReplaceController.h(1,1): warning C4828: 文件包含在偏移 0x1ab 处开始的字符，该字符在当前源字符集中无效(代码页 65001)。
  (编译源文件“QtWidgetsApplication.cpp”)
  
C:\Users\31563\Documents\vs2026\文本编辑器\文本编辑器\FindReplaceController.h(1,1): warning C4828: 文件包含在偏移 0x1b0 处开始的字符，该字符在当前源字符集中无效(代码页 65001)。
  (编译源文件“QtWidgetsApplication.cpp”)
  
C:\Users\31563\Documents\vs2026\文本编辑器\文本编辑器\FindReplaceController.h(1,1): warning C4828: 文件包含在偏移 0x1b1 处开始的字符，该字符在当前源字符集中无效(代码页 65001)。
  (编译源文件“QtWidgetsApplication.cpp”)
  
C:\Users\31563\Documents\vs2026\文本编辑器\文本编辑器\FindReplaceController.h(1,1): warning C4828: 文件包含在偏移 0x1b4 处开始的字符，该字符在当前源字符集中无效(代码页 65001)。
  (编译源文件“QtWidgetsApplication.cpp”)
  
C:\Users\31563\Documents\vs2026\文本编辑器\文本编辑器\FindReplaceController.h(1,1): warning C4828: 文件包含在偏移 0x1b5 处开始的字符，该字符在当前源字符集中无效(代码页 65001)。
  (编译源文件“QtWidgetsApplication.cpp”)
  
C:\Users\31563\Documents\vs2026\文本编辑器\文本编辑器\FindReplaceController.h(1,1): warning C4828: 文件包含在偏移 0x1b9 处开始的字符，该字符在当前源字符集中无效(代码页 65001)。
  (编译源文件“QtWidgetsApplication.cpp”)
  
C:\Users\31563\Documents\vs2026\文本编辑器\文本编辑器\FindReplaceController.h(1,1): warning C4828: 文件包含在偏移 0x1db 处开始的字符，该字符在当前源字符集中无效(代码页 65001)。
  (编译源文件“QtWidgetsApplication.cpp”)
  
C:\Users\31563\Documents\vs2026\文本编辑器\文本编辑器\FindReplaceController.h(1,1): warning C4828: 文件包含在偏移 0x1dc 处开始的字符，该字符在当前源字符集中无效(代码页 65001)。
  (编译源文件“QtWidgetsApplication.cpp”)
  
C:\Users\31563\Documents\vs2026\文本编辑器\文本编辑器\FindReplaceController.h(1,1): warning C4828: 文件包含在偏移 0x1df 处开始的字符，该字符在当前源字符集中无效(代码页 65001)。
  (编译源文件“QtWidgetsApplication.cpp”)
  
C:\Users\31563\Documents\vs2026\文本编辑器\文本编辑器\FindReplaceController.h(1,1): warning C4828: 文件包含在偏移 0x1e3 处开始的字符，该字符在当前源字符集中无效(代码页 65001)。
  (编译源文件“QtWidgetsApplication.cpp”)
  
C:\Users\31563\Documents\vs2026\文本编辑器\文本编辑器\FindReplaceController.h(1,1): warning C4828: 文件包含在偏移 0x1e4 处开始的字符，该字符在当前源字符集中无效(代码页 65001)。
  (编译源文件“QtWidgetsApplication.cpp”)
  
C:\Users\31563\Documents\vs2026\文本编辑器\文本编辑器\FindReplaceController.h(1,1): warning C4828: 文件包含在偏移 0x1e9 处开始的字符，该字符在当前源字符集中无效(代码页 65001)。
  (编译源文件“QtWidgetsApplication.cpp”)
  
C:\Users\31563\Documents\vs2026\文本编辑器\文本编辑器\FindReplaceController.h(1,1): warning C4828: 文件包含在偏移 0x1ea 处开始的字符，该字符在当前源字符集中无效(代码页 65001)。
  (编译源文件“QtWidgetsApplication.cpp”)
  
C:\Users\31563\Documents\vs2026\文本编辑器\文本编辑器\FindReplaceController.h(1,1): warning C4828: 文件包含在偏移 0x20c 处开始的字符，该字符在当前源字符集中无效(代码页 65001)。
  (编译源文件“QtWidgetsApplication.cpp”)
  
C:\Users\31563\Documents\vs2026\文本编辑器\文本编辑器\FindReplaceController.h(1,1): warning C4828: 文件包含在偏移 0x20d 处开始的字符，该字符在当前源字符集中无效(代码页 65001)。
  (编译源文件“QtWidgetsApplication.cpp”)
  
C:\Users\31563\Documents\vs2026\文本编辑器\文本编辑器\FindReplaceController.h(1,1): warning C4828: 文件包含在偏移 0x210 处开始的字符，该字符在当前源字符集中无效(代码页 65001)。
  (编译源文件“QtWidgetsApplication.cpp”)
  
C:\Users\31563\Documents\vs2026\文本编辑器\文本编辑器\FindReplaceController.h(1,1): warning C4828: 文件包含在偏移 0x214 处开始的字符，该字符在当前源字符集中无效(代码页 65001)。
  (编译源文件“QtWidgetsApplication.cpp”)
  
C:\Users\31563\Documents\vs2026\文本编辑器\文本编辑器\FindReplaceController.h(1,1): warning C4828: 文件包含在偏移 0x215 处开始的字符，该字符在当前源字符集中无效(代码页 65001)。
  (编译源文件“QtWidgetsApplication.cpp”)
  
C:\Users\31563\Documents\vs2026\文本编辑器\文本编辑器\FindReplaceController.h(1,1): warning C4828: 文件包含在偏移 0x242 处开始的字符，该字符在当前源字符集中无效(代码页 65001)。
  (编译源文件“QtWidgetsApplication.cpp”)
  
C:\Users\31563\Documents\vs2026\文本编辑器\文本编辑器\FindReplaceController.h(1,1): warning C4828: 文件包含在偏移 0x244 处开始的字符，该字符在当前源字符集中无效(代码页 65001)。
  (编译源文件“QtWidgetsApplication.cpp”)
  
C:\Users\31563\Documents\vs2026\文本编辑器\文本编辑器\FindReplaceController.h(1,1): warning C4828: 文件包含在偏移 0x245 处开始的字符，该字符在当前源字符集中无效(代码页 65001)。
  (编译源文件“QtWidgetsApplication.cpp”)
  
C:\Users\31563\Documents\vs2026\文本编辑器\文本编辑器\FindReplaceController.h(1,1): warning C4828: 文件包含在偏移 0x246 处开始的字符，该字符在当前源字符集中无效(代码页 65001)。
  (编译源文件“QtWidgetsApplication.cpp”)
  
C:\Users\31563\Documents\vs2026\文本编辑器\文本编辑器\FindReplaceController.h(1,1): warning C4828: 文件包含在偏移 0x24a 处开始的字符，该字符在当前源字符集中无效(代码页 65001)。
  (编译源文件“QtWidgetsApplication.cpp”)
  
C:\Users\31563\Documents\vs2026\文本编辑器\文本编辑器\FindReplaceController.h(1,1): warning C4828: 文件包含在偏移 0x24b 处开始的字符，该字符在当前源字符集中无效(代码页 65001)。
  (编译源文件“QtWidgetsApplication.cpp”)
  
C:\Users\31563\Documents\vs2026\文本编辑器\文本编辑器\FindReplaceController.h(1,1): warning C4828: 文件包含在偏移 0x250 处开始的字符，该字符在当前源字符集中无效(代码页 65001)。
  (编译源文件“QtWidgetsApplication.cpp”)
  
C:\Users\31563\Documents\vs2026\文本编辑器\文本编辑器\FindReplaceController.h(1,1): warning C4828: 文件包含在偏移 0x251 处开始的字符，该字符在当前源字符集中无效(代码页 65001)。
  (编译源文件“QtWidgetsApplication.cpp”)
  
C:\Users\31563\Documents\vs2026\文本编辑器\文本编辑器\FindReplaceController.h(1,1): warning C4828: 文件包含在偏移 0x273 处开始的字符，该字符在当前源字符集中无效(代码页 65001)。
  (编译源文件“QtWidgetsApplication.cpp”)
  
C:\Users\31563\Documents\vs2026\文本编辑器\文本编辑器\FindReplaceController.h(1,1): warning C4828: 文件包含在偏移 0x275 处开始的字符，该字符在当前源字符集中无效(代码页 65001)。
  (编译源文件“QtWidgetsApplication.cpp”)
  
C:\Users\31563\Documents\vs2026\文本编辑器\文本编辑器\FindReplaceController.h(1,1): warning C4828: 文件包含在偏移 0x276 处开始的字符，该字符在当前源字符集中无效(代码页 65001)。
  (编译源文件“QtWidgetsApplication.cpp”)
  
C:\Users\31563\Documents\vs2026\文本编辑器\文本编辑器\FindReplaceController.h(1,1): warning C4828: 文件包含在偏移 0x277 处开始的字符，该字符在当前源字符集中无效(代码页 65001)。
  (编译源文件“QtWidgetsApplication.cpp”)
  
C:\Users\31563\Documents\vs2026\文本编辑器\文本编辑器\FindReplaceController.h(1,1): warning C4828: 文件包含在偏移 0x27b 处开始的字符，该字符在当前源字符集中无效(代码页 65001)。
  (编译源文件“QtWidgetsApplication.cpp”)
  
C:\Users\31563\Documents\vs2026\文本编辑器\文本编辑器\FindReplaceController.h(1,1): warning C4828: 文件包含在偏移 0x27c 处开始的字符，该字符在当前源字符集中无效(代码页 65001)。
  (编译源文件“QtWidgetsApplication.cpp”)
  
C:\Users\31563\Documents\vs2026\文本编辑器\文本编辑器\FindReplaceController.h(1,1): warning C4828: 文件包含在偏移 0x2ac 处开始的字符，该字符在当前源字符集中无效(代码页 65001)。
  (编译源文件“QtWidgetsApplication.cpp”)
  
C:\Users\31563\Documents\vs2026\文本编辑器\文本编辑器\FindReplaceController.h(1,1): warning C4828: 文件包含在偏移 0x2ad 处开始的字符，该字符在当前源字符集中无效(代码页 65001)。
  (编译源文件“QtWidgetsApplication.cpp”)
  
C:\Users\31563\Documents\vs2026\文本编辑器\文本编辑器\FindReplaceController.h(1,1): warning C4828: 文件包含在偏移 0x2af 处开始的字符，该字符在当前源字符集中无效(代码页 65001)。
  (编译源文件“QtWidgetsApplication.cpp”)
  
C:\Users\31563\Documents\vs2026\文本编辑器\文本编辑器\FindReplaceController.h(1,1): warning C4828: 文件包含在偏移 0x2b0 处开始的字符，该字符在当前源字符集中无效(代码页 65001)。
  (编译源文件“QtWidgetsApplication.cpp”)
  
C:\Users\31563\Documents\vs2026\文本编辑器\文本编辑器\FindReplaceController.h(1,1): warning C4828: 文件包含在偏移 0x2b1 处开始的字符，该字符在当前源字符集中无效(代码页 65001)。
  (编译源文件“QtWidgetsApplication.cpp”)
  
C:\Users\31563\Documents\vs2026\文本编辑器\文本编辑器\FindReplaceController.h(1,1): warning C4828: 文件包含在偏移 0x2b2 处开始的字符，该字符在当前源字符集中无效(代码页 65001)。
  (编译源文件“QtWidgetsApplication.cpp”)
  
C:\Users\31563\Documents\vs2026\文本编辑器\文本编辑器\FindReplaceController.h(1,1): warning C4828: 文件包含在偏移 0x2b4 处开始的字符，该字符在当前源字符集中无效(代码页 65001)。
  (编译源文件“QtWidgetsApplication.cpp”)
  
C:\Users\31563\Documents\vs2026\文本编辑器\文本编辑器\FindReplaceController.h(1,1): warning C4828: 文件包含在偏移 0x2b8 处开始的字符，该字符在当前源字符集中无效(代码页 65001)。
  (编译源文件“QtWidgetsApplication.cpp”)
  
C:\Users\31563\Documents\vs2026\文本编辑器\文本编辑器\FindReplaceController.h(1,1): warning C4828: 文件包含在偏移 0x2f6 处开始的字符，该字符在当前源字符集中无效(代码页 65001)。
  (编译源文件“QtWidgetsApplication.cpp”)
  
C:\Users\31563\Documents\vs2026\文本编辑器\文本编辑器\FindReplaceController.h(1,1): warning C4828: 文件包含在偏移 0x2f7 处开始的字符，该字符在当前源字符集中无效(代码页 65001)。
  (编译源文件“QtWidgetsApplication.cpp”)
  
C:\Users\31563\Documents\vs2026\文本编辑器\文本编辑器\FindReplaceController.h(1,1): warning C4828: 文件包含在偏移 0x2f9 处开始的字符，该字符在当前源字符集中无效(代码页 65001)。
  (编译源文件“QtWidgetsApplication.cpp”)
  
C:\Users\31563\Documents\vs2026\文本编辑器\文本编辑器\FindReplaceController.h(1,1): warning C4828: 文件包含在偏移 0x2fc 处开始的字符，该字符在当前源字符集中无效(代码页 65001)。
  (编译源文件“QtWidgetsApplication.cpp”)
  
C:\Users\31563\Documents\vs2026\文本编辑器\文本编辑器\FindReplaceController.h(1,1): warning C4828: 文件包含在偏移 0x2fe 处开始的字符，该字符在当前源字符集中无效(代码页 65001)。
  (编译源文件“QtWidgetsApplication.cpp”)
  
C:\Users\31563\Documents\vs2026\文本编辑器\文本编辑器\FindReplaceController.h(1,1): warning C4828: 文件包含在偏移 0x333 处开始的字符，该字符在当前源字符集中无效(代码页 65001)。
  (编译源文件“QtWidgetsApplication.cpp”)
  
C:\Users\31563\Documents\vs2026\文本编辑器\文本编辑器\FindReplaceController.h(1,1): warning C4828: 文件包含在偏移 0x337 处开始的字符，该字符在当前源字符集中无效(代码页 65001)。
  (编译源文件“QtWidgetsApplication.cpp”)
  
C:\Users\31563\Documents\vs2026\文本编辑器\文本编辑器\FindReplaceController.h(1,1): warning C4828: 文件包含在偏移 0x338 处开始的字符，该字符在当前源字符集中无效(代码页 65001)。
  (编译源文件“QtWidgetsApplication.cpp”)
  
C:\Users\31563\Documents\vs2026\文本编辑器\文本编辑器\FindReplaceController.h(1,1): warning C4828: 文件包含在偏移 0x33b 处开始的字符，该字符在当前源字符集中无效(代码页 65001)。
  (编译源文件“QtWidgetsApplication.cpp”)
  
C:\Users\31563\Documents\vs2026\文本编辑器\文本编辑器\FindReplaceController.h(1,1): warning C4828: 文件包含在偏移 0x33d 处开始的字符，该字符在当前源字符集中无效(代码页 65001)。
  (编译源文件“QtWidgetsApplication.cpp”)
  
C:\Users\31563\Documents\vs2026\文本编辑器\文本编辑器\FindReplaceController.h(1,1): warning C4828: 文件包含在偏移 0x33f 处开始的字符，该字符在当前源字符集中无效(代码页 65001)。
  (编译源文件“QtWidgetsApplication.cpp”)
  
C:\Users\31563\Documents\vs2026\文本编辑器\文本编辑器\FindReplaceController.h(1,1): warning C4828: 文件包含在偏移 0x340 处开始的字符，该字符在当前源字符集中无效(代码页 65001)。
  (编译源文件“QtWidgetsApplication.cpp”)
  
C:\Users\31563\Documents\vs2026\文本编辑器\文本编辑器\FindReplaceController.h(1,1): warning C4828: 文件包含在偏移 0x38a 处开始的字符，该字符在当前源字符集中无效(代码页 65001)。
  (编译源文件“QtWidgetsApplication.cpp”)
  
C:\Users\31563\Documents\vs2026\文本编辑器\文本编辑器\FindReplaceController.h(1,1): warning C4828: 文件包含在偏移 0x38b 处开始的字符，该字符在当前源字符集中无效(代码页 65001)。
  (编译源文件“QtWidgetsApplication.cpp”)
  
C:\Users\31563\Documents\vs2026\文本编辑器\文本编辑器\FindReplaceController.h(1,1): warning C4828: 文件包含在偏移 0x38c 处开始的字符，该字符在当前源字符集中无效(代码页 65001)。
  (编译源文件“QtWidgetsApplication.cpp”)
  
C:\Users\31563\Documents\vs2026\文本编辑器\文本编辑器\FindReplaceController.h(1,1): warning C4828: 文件包含在偏移 0x390 处开始的字符，该字符在当前源字符集中无效(代码页 65001)。
  (编译源文件“QtWidgetsApplication.cpp”)
  
C:\Users\31563\Documents\vs2026\文本编辑器\文本编辑器\FindReplaceController.h(1,1): warning C4828: 文件包含在偏移 0x392 处开始的字符，该字符在当前源字符集中无效(代码页 65001)。
  (编译源文件“QtWidgetsApplication.cpp”)
  
C:\Users\31563\Documents\vs2026\文本编辑器\文本编辑器\FindReplaceController.h(1,1): warning C4828: 文件包含在偏移 0x393 处开始的字符，该字符在当前源字符集中无效(代码页 65001)。
  (编译源文件“QtWidgetsApplication.cpp”)
  
C:\Users\31563\Documents\vs2026\文本编辑器\文本编辑器\FindReplaceController.h(1,1): warning C4828: 文件包含在偏移 0x3ba 处开始的字符，该字符在当前源字符集中无效(代码页 65001)。
  (编译源文件“QtWidgetsApplication.cpp”)
  
C:\Users\31563\Documents\vs2026\文本编辑器\文本编辑器\FindReplaceController.h(1,1): warning C4828: 文件包含在偏移 0x3c2 处开始的字符，该字符在当前源字符集中无效(代码页 65001)。
  (编译源文件“QtWidgetsApplication.cpp”)
  
C:\Users\31563\Documents\vs2026\文本编辑器\文本编辑器\FindReplaceController.h(1,1): warning C4828: 文件包含在偏移 0x474 处开始的字符，该字符在当前源字符集中无效(代码页 65001)。
  (编译源文件“QtWidgetsApplication.cpp”)
  
C:\Users\31563\Documents\vs2026\文本编辑器\文本编辑器\FindReplaceController.h(1,1): warning C4828: 文件包含在偏移 0x476 处开始的字符，该字符在当前源字符集中无效(代码页 65001)。
  (编译源文件“QtWidgetsApplication.cpp”)
  
C:\Users\31563\Documents\vs2026\文本编辑器\文本编辑器\FindReplaceController.h(1,1): warning C4828: 文件包含在偏移 0x477 处开始的字符，该字符在当前源字符集中无效(代码页 65001)。
  (编译源文件“QtWidgetsApplication.cpp”)
  
C:\Users\31563\Documents\vs2026\文本编辑器\文本编辑器\FindReplaceController.h(1,1): warning C4828: 文件包含在偏移 0x47d 处开始的字符，该字符在当前源字符集中无效(代码页 65001)。
  (编译源文件“QtWidgetsApplication.cpp”)
  
C:\Users\31563\Documents\vs2026\文本编辑器\文本编辑器\FindReplaceController.h(1,1): warning C4828: 文件包含在偏移 0x480 处开始的字符，该字符在当前源字符集中无效(代码页 65001)。
  (编译源文件“QtWidgetsApplication.cpp”)
  
C:\Users\31563\Documents\vs2026\文本编辑器\文本编辑器\FindReplaceController.h(1,1): warning C4828: 文件包含在偏移 0x481 处开始的字符，该字符在当前源字符集中无效(代码页 65001)。
  (编译源文件“QtWidgetsApplication.cpp”)
  
C:\Users\31563\Documents\vs2026\文本编辑器\文本编辑器\FindReplaceController.h(1,1): warning C4828: 文件包含在偏移 0x485 处开始的字符，该字符在当前源字符集中无效(代码页 65001)。
  (编译源文件“QtWidgetsApplication.cpp”)
  
C:\Users\31563\Documents\vs2026\文本编辑器\文本编辑器\FindReplaceController.h(1,1): warning C4828: 文件包含在偏移 0x486 处开始的字符，该字符在当前源字符集中无效(代码页 65001)。
  (编译源文件“QtWidgetsApplication.cpp”)
  
C:\Users\31563\Documents\vs2026\文本编辑器\文本编辑器\FindReplaceController.h(1,1): warning C4828: 文件包含在偏移 0x487 处开始的字符，该字符在当前源字符集中无效(代码页 65001)。
  (编译源文件“QtWidgetsApplication.cpp”)
  
C:\Users\31563\Documents\vs2026\文本编辑器\文本编辑器\FindReplaceController.h(1,1): warning C4828: 文件包含在偏移 0x4aa 处开始的字符，该字符在当前源字符集中无效(代码页 65001)。
  (编译源文件“QtWidgetsApplication.cpp”)
  
C:\Users\31563\Documents\vs2026\文本编辑器\文本编辑器\FindReplaceController.h(1,1): warning C4828: 文件包含在偏移 0x4ac 处开始的字符，该字符在当前源字符集中无效(代码页 65001)。
  (编译源文件“QtWidgetsApplication.cpp”)
  
C:\Users\31563\Documents\vs2026\文本编辑器\文本编辑器\FindReplaceController.h(1,1): warning C4828: 文件包含在偏移 0x4ad 处开始的字符，该字符在当前源字符集中无效(代码页 65001)。
  (编译源文件“QtWidgetsApplication.cpp”)
  
C:\Users\31563\Documents\vs2026\文本编辑器\文本编辑器\FindReplaceController.h(1,1): warning C4828: 文件包含在偏移 0x4b1 处开始的字符，该字符在当前源字符集中无效(代码页 65001)。
  (编译源文件“QtWidgetsApplication.cpp”)
  
C:\Users\31563\Documents\vs2026\文本编辑器\文本编辑器\FindReplaceController.h(1,1): warning C4828: 文件包含在偏移 0x4b6 处开始的字符，该字符在当前源字符集中无效(代码页 65001)。
  (编译源文件“QtWidgetsApplication.cpp”)
  
C:\Users\31563\Documents\vs2026\文本编辑器\文本编辑器\FindReplaceController.h(1,1): warning C4828: 文件包含在偏移 0x4b7 处开始的字符，该字符在当前源字符集中无效(代码页 65001)。
  (编译源文件“QtWidgetsApplication.cpp”)
  
C:\Users\31563\Documents\vs2026\文本编辑器\文本编辑器\FindReplaceController.h(1,1): warning C4828: 文件包含在偏移 0x4bb 处开始的字符，该字符在当前源字符集中无效(代码页 65001)。
  (编译源文件“QtWidgetsApplication.cpp”)
  
C:\Users\31563\Documents\vs2026\文本编辑器\文本编辑器\FindReplaceController.h(1,1): warning C4828: 文件包含在偏移 0x4bc 处开始的字符，该字符在当前源字符集中无效(代码页 65001)。
  (编译源文件“QtWidgetsApplication.cpp”)
  
C:\Users\31563\Documents\vs2026\文本编辑器\文本编辑器\FindReplaceController.h(1,1): warning C4828: 文件包含在偏移 0x4bd 处开始的字符，该字符在当前源字符集中无效(代码页 65001)。
  (编译源文件“QtWidgetsApplication.cpp”)
  
C:\Users\31563\Documents\vs2026\文本编辑器\文本编辑器\FindReplaceController.h(1,1): warning C4828: 文件包含在偏移 0x4e2 处开始的字符，该字符在当前源字符集中无效(代码页 65001)。
  (编译源文件“QtWidgetsApplication.cpp”)
  
C:\Users\31563\Documents\vs2026\文本编辑器\文本编辑器\FindReplaceController.h(1,1): warning C4828: 文件包含在偏移 0x4e6 处开始的字符，该字符在当前源字符集中无效(代码页 65001)。
  (编译源文件“QtWidgetsApplication.cpp”)
  
C:\Users\31563\Documents\vs2026\文本编辑器\文本编辑器\FindReplaceController.h(1,1): warning C4828: 文件包含在偏移 0x4e8 处开始的字符，该字符在当前源字符集中无效(代码页 65001)。
  (编译源文件“QtWidgetsApplication.cpp”)
  
C:\Users\31563\Documents\vs2026\文本编辑器\文本编辑器\FindReplaceController.h(1,1): warning C4828: 文件包含在偏移 0x4ee 处开始的字符，该字符在当前源字符集中无效(代码页 65001)。
  (编译源文件“QtWidgetsApplication.cpp”)
  
C:\Users\31563\Documents\vs2026\文本编辑器\文本编辑器\FindReplaceController.h(1,1): warning C4828: 文件包含在偏移 0x4f0 处开始的字符，该字符在当前源字符集中无效(代码页 65001)。
  (编译源文件“QtWidgetsApplication.cpp”)
  
C:\Users\31563\Documents\vs2026\文本编辑器\文本编辑器\FindReplaceController.h(1,1): warning C4828: 文件包含在偏移 0x4f2 处开始的字符，该字符在当前源字符集中无效(代码页 65001)。
  (编译源文件“QtWidgetsApplication.cpp”)
  
C:\Users\31563\Documents\vs2026\文本编辑器\文本编辑器\FindReplaceController.h(1,1): warning C4828: 文件包含在偏移 0x4f3 处开始的字符，该字符在当前源字符集中无效(代码页 65001)。
  (编译源文件“QtWidgetsApplication.cpp”)
  
C:\Users\31563\Documents\vs2026\文本编辑器\文本编辑器\FindReplaceController.h(1,1): warning C4828: 文件包含在偏移 0x4f4 处开始的字符，该字符在当前源字符集中无效(代码页 65001)。
  (编译源文件“QtWidgetsApplication.cpp”)
  
C:\Users\31563\Documents\vs2026\文本编辑器\文本编辑器\FindReplaceController.h(1,1): warning C4828: 文件包含在偏移 0x4f6 处开始的字符，该字符在当前源字符集中无效(代码页 65001)。
  (编译源文件“QtWidgetsApplication.cpp”)
  
C:\Users\31563\Documents\vs2026\文本编辑器\文本编辑器\FindReplaceController.h(1,1): warning C4828: 文件包含在偏移 0x4f7 处开始的字符，该字符在当前源字符集中无效(代码页 65001)。
  (编译源文件“QtWidgetsApplication.cpp”)
  
C:\Users\31563\Documents\vs2026\文本编辑器\文本编辑器\FindReplaceController.h(1,1): warning C4828: 文件包含在偏移 0x4f9 处开始的字符，该字符在当前源字符集中无效(代码页 65001)。
  (编译源文件“QtWidgetsApplication.cpp”)
  
C:\Users\31563\Documents\vs2026\文本编辑器\文本编辑器\FindReplaceController.h(1,1): warning C4828: 文件包含在偏移 0x4fa 处开始的字符，该字符在当前源字符集中无效(代码页 65001)。
  (编译源文件“QtWidgetsApplication.cpp”)
  
C:\Users\31563\Documents\vs2026\文本编辑器\文本编辑器\FindReplaceController.h(1,1): warning C4828: 文件包含在偏移 0x4fc 处开始的字符，该字符在当前源字符集中无效(代码页 65001)。
  (编译源文件“QtWidgetsApplication.cpp”)
  
C:\Users\31563\Documents\vs2026\文本编辑器\文本编辑器\FindReplaceController.h(1,1): warning C4828: 文件包含在偏移 0x4fd 处开始的字符，该字符在当前源字符集中无效(代码页 65001)。
  (编译源文件“QtWidgetsApplication.cpp”)
  
C:\Users\31563\Documents\vs2026\文本编辑器\文本编辑器\FindReplaceController.h(1,1): warning C4828: 文件包含在偏移 0x505 处开始的字符，该字符在当前源字符集中无效(代码页 65001)。
  (编译源文件“QtWidgetsApplication.cpp”)
  
C:\Users\31563\Documents\vs2026\文本编辑器\文本编辑器\FindReplaceController.h(1,1): warning C4828: 文件包含在偏移 0x506 处开始的字符，该字符在当前源字符集中无效(代码页 65001)。
  (编译源文件“QtWidgetsApplication.cpp”)
  
C:\Users\31563\Documents\vs2026\文本编辑器\文本编辑器\FindReplaceController.h(1,1): warning C4828: 文件包含在偏移 0x529 处开始的字符，该字符在当前源字符集中无效(代码页 65001)。
  (编译源文件“QtWidgetsApplication.cpp”)
  
C:\Users\31563\Documents\vs2026\文本编辑器\文本编辑器\FindReplaceController.h(1,1): warning C4828: 文件包含在偏移 0x52a 处开始的字符，该字符在当前源字符集中无效(代码页 65001)。
  (编译源文件“QtWidgetsApplication.cpp”)
  
C:\Users\31563\Documents\vs2026\文本编辑器\文本编辑器\FindReplaceController.h(1,1): warning C4828: 文件包含在偏移 0x52f 处开始的字符，该字符在当前源字符集中无效(代码页 65001)。
  (编译源文件“QtWidgetsApplication.cpp”)
  
C:\Users\31563\Documents\vs2026\文本编辑器\文本编辑器\FindReplaceController.h(1,1): warning C4828: 文件包含在偏移 0x531 处开始的字符，该字符在当前源字符集中无效(代码页 65001)。
  (编译源文件“QtWidgetsApplication.cpp”)
  
C:\Users\31563\Documents\vs2026\文本编辑器\文本编辑器\FindReplaceController.h(1,1): warning C4828: 文件包含在偏移 0x532 处开始的字符，该字符在当前源字符集中无效(代码页 65001)。
  (编译源文件“QtWidgetsApplication.cpp”)
  
C:\Users\31563\Documents\vs2026\文本编辑器\文本编辑器\FindReplaceController.h(1,1): warning C4828: 文件包含在偏移 0x534 处开始的字符，该字符在当前源字符集中无效(代码页 65001)。
  (编译源文件“QtWidgetsApplication.cpp”)
  
C:\Users\31563\Documents\vs2026\文本编辑器\文本编辑器\FindReplaceController.h(1,1): warning C4828: 文件包含在偏移 0x535 处开始的字符，该字符在当前源字符集中无效(代码页 65001)。
  (编译源文件“QtWidgetsApplication.cpp”)
  
C:\Users\31563\Documents\vs2026\文本编辑器\文本编辑器\FindReplaceController.h(1,1): warning C4828: 文件包含在偏移 0x537 处开始的字符，该字符在当前源字符集中无效(代码页 65001)。
  (编译源文件“QtWidgetsApplication.cpp”)
  
C:\Users\31563\Documents\vs2026\文本编辑器\文本编辑器\FindReplaceController.h(1,1): warning C4828: 文件包含在偏移 0x539 处开始的字符，该字符在当前源字符集中无效(代码页 65001)。
  (编译源文件“QtWidgetsApplication.cpp”)
  
C:\Users\31563\Documents\vs2026\文本编辑器\文本编辑器\FontTextMenu.h(1,1): warning C4828: 文件包含在偏移 0x427 处开始的字符，该字符在当前源字符集中无效(代码页 65001)。
  (编译源文件“QtWidgetsApplication.cpp”)
  
C:\Users\31563\Documents\vs2026\文本编辑器\文本编辑器\FontTextMenu.h(1,1): warning C4828: 文件包含在偏移 0x429 处开始的字符，该字符在当前源字符集中无效(代码页 65001)。
  (编译源文件“QtWidgetsApplication.cpp”)
  
C:\Users\31563\Documents\vs2026\文本编辑器\文本编辑器\FontTextMenu.h(1,1): warning C4828: 文件包含在偏移 0x42a 处开始的字符，该字符在当前源字符集中无效(代码页 65001)。
  (编译源文件“QtWidgetsApplication.cpp”)
  
C:\Users\31563\Documents\vs2026\文本编辑器\文本编辑器\FontTextMenu.h(1,1): warning C4828: 文件包含在偏移 0x42b 处开始的字符，该字符在当前源字符集中无效(代码页 65001)。
  (编译源文件“QtWidgetsApplication.cpp”)
  
C:\Users\31563\Documents\vs2026\文本编辑器\文本编辑器\FontTextMenu.h(1,1): warning C4828: 文件包含在偏移 0x42d 处开始的字符，该字符在当前源字符集中无效(代码页 65001)。
  (编译源文件“QtWidgetsApplication.cpp”)
  
C:\Users\31563\Documents\vs2026\文本编辑器\文本编辑器\FontTextMenu.h(1,1): warning C4828: 文件包含在偏移 0x430 处开始的字符，该字符在当前源字符集中无效(代码页 65001)。
  (编译源文件“QtWidgetsApplication.cpp”)
  
C:\Users\31563\Documents\vs2026\文本编辑器\文本编辑器\FontTextMenu.h(1,1): warning C4828: 文件包含在偏移 0x431 处开始的字符，该字符在当前源字符集中无效(代码页 65001)。
  (编译源文件“QtWidgetsApplication.cpp”)
  
C:\Users\31563\Documents\vs2026\文本编辑器\文本编辑器\FontTextMenu.h(1,1): warning C4828: 文件包含在偏移 0x432 处开始的字符，该字符在当前源字符集中无效(代码页 65001)。
  (编译源文件“QtWidgetsApplication.cpp”)
  
C:\Users\31563\Documents\vs2026\文本编辑器\文本编辑器\FontTextMenu.h(1,1): warning C4828: 文件包含在偏移 0x433 处开始的字符，该字符在当前源字符集中无效(代码页 65001)。
  (编译源文件“QtWidgetsApplication.cpp”)
  
C:\Users\31563\Documents\vs2026\文本编辑器\文本编辑器\FontTextMenu.h(1,1): warning C4828: 文件包含在偏移 0x434 处开始的字符，该字符在当前源字符集中无效(代码页 65001)。
  (编译源文件“QtWidgetsApplication.cpp”)
  
C:\Users\31563\Documents\vs2026\文本编辑器\文本编辑器\FontTextMenu.h(1,1): warning C4828: 文件包含在偏移 0x435 处开始的字符，该字符在当前源字符集中无效(代码页 65001)。
  (编译源文件“QtWidgetsApplication.cpp”)
  
C:\Users\31563\Documents\vs2026\文本编辑器\文本编辑器\FontTextMenu.h(1,1): warning C4828: 文件包含在偏移 0x437 处开始的字符，该字符在当前源字符集中无效(代码页 65001)。
  (编译源文件“QtWidgetsApplication.cpp”)
  
C:\Users\31563\Documents\vs2026\文本编辑器\文本编辑器\FontTextMenu.h(1,1): warning C4828: 文件包含在偏移 0x439 处开始的字符，该字符在当前源字符集中无效(代码页 65001)。
  (编译源文件“QtWidgetsApplication.cpp”)
  
C:\Users\31563\Documents\vs2026\文本编辑器\文本编辑器\FontTextMenu.h(1,1): warning C4828: 文件包含在偏移 0x43a 处开始的字符，该字符在当前源字符集中无效(代码页 65001)。
  (编译源文件“QtWidgetsApplication.cpp”)
  
C:\Users\31563\Documents\vs2026\文本编辑器\文本编辑器\FontTextMenu.h(1,1): warning C4828: 文件包含在偏移 0x461 处开始的字符，该字符在当前源字符集中无效(代码页 65001)。
  (编译源文件“QtWidgetsApplication.cpp”)
  
C:\Users\31563\Documents\vs2026\文本编辑器\文本编辑器\FontTextMenu.h(1,1): warning C4828: 文件包含在偏移 0x463 处开始的字符，该字符在当前源字符集中无效(代码页 65001)。
  (编译源文件“QtWidgetsApplication.cpp”)
  
C:\Users\31563\Documents\vs2026\文本编辑器\文本编辑器\FontTextMenu.h(1,1): warning C4828: 文件包含在偏移 0x464 处开始的字符，该字符在当前源字符集中无效(代码页 65001)。
  (编译源文件“QtWidgetsApplication.cpp”)
  
C:\Users\31563\Documents\vs2026\文本编辑器\文本编辑器\FontTextMenu.h(1,1): warning C4828: 文件包含在偏移 0x465 处开始的字符，该字符在当前源字符集中无效(代码页 65001)。
  (编译源文件“QtWidgetsApplication.cpp”)
  
C:\Users\31563\Documents\vs2026\文本编辑器\文本编辑器\FontTextMenu.h(1,1): warning C4828: 文件包含在偏移 0x467 处开始的字符，该字符在当前源字符集中无效(代码页 65001)。
  (编译源文件“QtWidgetsApplication.cpp”)
  
C:\Users\31563\Documents\vs2026\文本编辑器\文本编辑器\FontTextMenu.h(1,1): warning C4828: 文件包含在偏移 0x46a 处开始的字符，该字符在当前源字符集中无效(代码页 65001)。
  (编译源文件“QtWidgetsApplication.cpp”)
  
C:\Users\31563\Documents\vs2026\文本编辑器\文本编辑器\FontTextMenu.h(1,1): warning C4828: 文件包含在偏移 0x46b 处开始的字符，该字符在当前源字符集中无效(代码页 65001)。
  (编译源文件“QtWidgetsApplication.cpp”)
  
C:\Users\31563\Documents\vs2026\文本编辑器\文本编辑器\FontTextMenu.h(1,1): warning C4828: 文件包含在偏移 0x46c 处开始的字符，该字符在当前源字符集中无效(代码页 65001)。
  (编译源文件“QtWidgetsApplication.cpp”)
  
C:\Users\31563\Documents\vs2026\文本编辑器\文本编辑器\FontTextMenu.h(1,1): warning C4828: 文件包含在偏移 0x46d 处开始的字符，该字符在当前源字符集中无效(代码页 65001)。
  (编译源文件“QtWidgetsApplication.cpp”)
  
C:\Users\31563\Documents\vs2026\文本编辑器\文本编辑器\FontTextMenu.h(1,1): warning C4828: 文件包含在偏移 0x46e 处开始的字符，该字符在当前源字符集中无效(代码页 65001)。
  (编译源文件“QtWidgetsApplication.cpp”)
  
C:\Users\31563\Documents\vs2026\文本编辑器\文本编辑器\FontTextMenu.h(1,1): warning C4828: 文件包含在偏移 0x46f 处开始的字符，该字符在当前源字符集中无效(代码页 65001)。
  (编译源文件“QtWidgetsApplication.cpp”)
  
C:\Users\31563\Documents\vs2026\文本编辑器\文本编辑器\FontTextMenu.h(1,1): warning C4828: 文件包含在偏移 0x471 处开始的字符，该字符在当前源字符集中无效(代码页 65001)。
  (编译源文件“QtWidgetsApplication.cpp”)
  
C:\Users\31563\Documents\vs2026\文本编辑器\文本编辑器\FontTextMenu.h(1,1): warning C4828: 文件包含在偏移 0x473 处开始的字符，该字符在当前源字符集中无效(代码页 65001)。
  (编译源文件“QtWidgetsApplication.cpp”)
  
C:\Users\31563\Documents\vs2026\文本编辑器\文本编辑器\FontTextMenu.h(1,1): warning C4828: 文件包含在偏移 0x474 处开始的字符，该字符在当前源字符集中无效(代码页 65001)。
  (编译源文件“QtWidgetsApplication.cpp”)
  
  文本编辑器.vcxproj -> C:\Users\31563\Documents\vs2026\文本编辑器\x64\Debug\文本编辑器.exe
